生成启动时间为 2016/7/9 20:36:19。
     1>项目“D:\TonyHuangWorkingSpace\Projects\git_proj\github\CityMonitor\CityMonitor.vcxproj”在节点 2 上(build 个目标)。
     1>InitializeBuildStatus:
         正在创建“Debug\tmp\CityMonitor.unsuccessfulbuild”，因为已指定“AlwaysCreate”。
       ClCompile:
         d:\Program Files (x86)\Microsoft Visual Studio 10.0\VC\bin\CL.exe /c /ZI /nologo /W3 /WX- /Od /Oy- /D _WIN32 /D WIN32 /D _DEBUG /D _CONSOLE /D _UNICODE /D UNICODE /Gm /EHsc /RTC1 /MDd /GS /fp:precise /Zc:wchar_t /Zc:forScope /Fo"Debug\tmp\\" /Fd"Debug\tmp\vc100.pdb" /Gd /TP /analyze- /errorReport:prompt Design\CityMonitor\Sources\VideoManager.cpp
         VideoManager.cpp
     1>d:\tonyhuangworkingspace\projects\git_proj\github\citymonitor\design\citymonitor\sources\videomanager.cpp(61): warning C4244: “参数”: 从“long”转换到“byte”，可能丢失数据
     1>d:\tonyhuangworkingspace\projects\git_proj\github\citymonitor\design\citymonitor\sources\videomanager.cpp(147): warning C4244: “参数”: 从“long”转换到“byte”，可能丢失数据
     1>d:\tonyhuangworkingspace\projects\git_proj\github\citymonitor\design\citymonitor\sources\videomanager.cpp(158): warning C4244: “参数”: 从“long”转换到“byte”，可能丢失数据
     1>d:\tonyhuangworkingspace\projects\git_proj\github\citymonitor\design\citymonitor\sources\videomanager.cpp(163): warning C4996: 'strcpy': This function or variable may be unsafe. Consider using strcpy_s instead. To disable deprecation, use _CRT_SECURE_NO_WARNINGS. See online help for details.
                 d:\program files (x86)\microsoft visual studio 10.0\vc\include\string.h(105) : 参见“strcpy”的声明
     1>d:\tonyhuangworkingspace\projects\git_proj\github\citymonitor\design\citymonitor\sources\videomanager.cpp(173): warning C4244: “参数”: 从“long”转换到“byte”，可能丢失数据
     1>d:\tonyhuangworkingspace\projects\git_proj\github\citymonitor\design\citymonitor\sources\videomanager.cpp(182): warning C4244: “参数”: 从“long”转换到“byte”，可能丢失数据
     1>d:\tonyhuangworkingspace\projects\git_proj\github\citymonitor\design\citymonitor\sources\videomanager.cpp(191): warning C4244: “参数”: 从“long”转换到“byte”，可能丢失数据
     1>d:\tonyhuangworkingspace\projects\git_proj\github\citymonitor\design\citymonitor\sources\videomanager.cpp(205): warning C4244: “参数”: 从“long”转换到“byte”，可能丢失数据
     1>d:\tonyhuangworkingspace\projects\git_proj\github\citymonitor\design\citymonitor\sources\videomanager.cpp(212): warning C4244: “参数”: 从“long”转换到“byte”，可能丢失数据
     1>d:\tonyhuangworkingspace\projects\git_proj\github\citymonitor\design\citymonitor\sources\videomanager.cpp(218): warning C4244: “参数”: 从“long”转换到“byte”，可能丢失数据
     1>d:\tonyhuangworkingspace\projects\git_proj\github\citymonitor\design\citymonitor\sources\videomanager.cpp(228): warning C4244: “参数”: 从“long”转换到“byte”，可能丢失数据
     1>d:\tonyhuangworkingspace\projects\git_proj\github\citymonitor\design\citymonitor\sources\videomanager.cpp(234): warning C4244: “参数”: 从“long”转换到“byte”，可能丢失数据
     1>d:\tonyhuangworkingspace\projects\git_proj\github\citymonitor\design\citymonitor\sources\videomanager.cpp(265): warning C4244: “参数”: 从“long”转换到“byte”，可能丢失数据
       ManifestResourceCompile:
         所有输出均为最新。
       Link:
         d:\Program Files (x86)\Microsoft Visual Studio 10.0\VC\bin\link.exe /ERRORREPORT:PROMPT /OUT:"D:\TonyHuangWorkingSpace\Projects\git_proj\github\CityMonitor\Debug\bin\CityMonitor.exe" /INCREMENTAL /NOLOGO /LIBPATH:D:\TonyHuangWorkingSpace\Projects\git_proj\github\CityMonitor\Design\CityMonitor\Libs\Win32 /LIBPATH:D:\TonyHuangWorkingSpace\Projects\git_proj\github\CityMonitor\Design\CityMonitor\Libs\Win32\HCNetSDKCom PlayCtrl.lib HCCore.lib HCNetSDK.lib kernel32.lib user32.lib gdi32.lib winspool.lib comdlg32.lib advapi32.lib shell32.lib ole32.lib oleaut32.lib uuid.lib odbc32.lib odbccp32.lib kernel32.lib user32.lib gdi32.lib winspool.lib comdlg32.lib advapi32.lib shell32.lib ole32.lib oleaut32.lib uuid.lib odbc32.lib odbccp32.lib /MANIFEST /ManifestFile:"Debug\tmp\CityMonitor.exe.intermediate.manifest" /MANIFESTUAC:"level='asInvoker' uiAccess='false'" /DEBUG /PDB:"D:\TonyHuangWorkingSpace\Projects\git_proj\github\CityMonitor\Debug\bin\CityMonitor.pdb" /SUBSYSTEM:CONSOLE /TLBID:1 /DYNAMICBASE /NXCOMPAT /IMPLIB:"D:\TonyHuangWorkingSpace\Projects\git_proj\github\CityMonitor\Debug\bin\CityMonitor.lib" /MACHINE:X86 Debug\tmp\CityMonitor.exe.embed.manifest.res
         Debug\tmp\Acceptor.obj
         Debug\tmp\BasicObj.obj
         Debug\tmp\BasicTCP.obj
         Debug\tmp\Buffer.obj
         Debug\tmp\Camera.obj
         Debug\tmp\CameraCtrl.obj
         Debug\tmp\CityMonitor.obj
         Debug\tmp\Codec.obj
         Debug\tmp\DateTime.obj
         Debug\tmp\Debugger.obj
         Debug\tmp\HistoryVideo.obj
         Debug\tmp\HistoryVideoManager.obj
         Debug\tmp\HistoryVideoPlayer.obj
         Debug\tmp\MP4Player.obj
         Debug\tmp\ObjBuffer.obj
         Debug\tmp\Receiver.obj
         Debug\tmp\Recorder.obj
         Debug\tmp\Sender.obj
         Debug\tmp\TcpConn.obj
         Debug\tmp\Thread.obj
         Debug\tmp\ThreadManager.obj
         Debug\tmp\VideoManager.obj
         Debug\tmp\VideoPlayer.obj
         Debug\tmp\VideoRecorder.obj
       Manifest:
         C:\Program Files (x86)\Microsoft SDKs\Windows\v7.0A\bin\mt.exe /nologo /verbose /out:"Debug\tmp\CityMonitor.exe.embed.manifest" /manifest Debug\tmp\CityMonitor.exe.intermediate.manifest
         所有输出均为最新。
       LinkEmbedManifest:
         所有输出均为最新。
         CityMonitor.vcxproj -> D:\TonyHuangWorkingSpace\Projects\git_proj\github\CityMonitor\Debug\bin\CityMonitor.exe
       FinalizeBuildStatus:
         正在删除文件“Debug\tmp\CityMonitor.unsuccessfulbuild”。
         正在对“Debug\tmp\CityMonitor.lastbuildstate”执行 Touch 任务。
     1>已完成生成项目“D:\TonyHuangWorkingSpace\Projects\git_proj\github\CityMonitor\CityMonitor.vcxproj”(build 个目标)的操作。

生成成功。

已用时间 00:00:01.47
