D:\TonyHuangWorkingSpace\Projects\git_proj\github\CityMonitor\Debug\bin\CityMonitor.pdb
D:\TONYHUANGWORKINGSPACE\PROJECTS\GIT_PROJ\GITHUB\CITYMONITOR\DEBUG\TMP\ACCEPTOR.OBJ
D:\TONYHUANGWORKINGSPACE\PROJECTS\GIT_PROJ\GITHUB\CITYMONITOR\DEBUG\TMP\BASICOBJ.OBJ
D:\TONYHUANGWORKINGSPACE\PROJECTS\GIT_PROJ\GITHUB\CITYMONITOR\DEBUG\TMP\BASICTCP.OBJ
D:\TONYHUANGWORKINGSPACE\PROJECTS\GIT_PROJ\GITHUB\CITYMONITOR\DEBUG\TMP\BUFFER.OBJ
D:\TONYHUANGWORKINGSPACE\PROJECTS\GIT_PROJ\GITHUB\CITYMONITOR\DEBUG\TMP\CAMERA.OBJ
D:\TONYHUANGWORKINGSPACE\PROJECTS\GIT_PROJ\GITHUB\CITYMONITOR\DEBUG\TMP\CAMERACTRL.OBJ
D:\TONYHUANGWORKINGSPACE\PROJECTS\GIT_PROJ\GITHUB\CITYMONITOR\DEBUG\TMP\CITYMONITOR.EXE.EMBED.MANIFEST
D:\TONYHUANGWORKINGSPACE\PROJECTS\GIT_PROJ\GITHUB\CITYMONITOR\DEBUG\TMP\CITYMONITOR.EXE.EMBED.MANIFEST.RES
D:\TonyHuangWorkingSpace\Projects\git_proj\github\CityMonitor\Debug\tmp\CityMonitor.exe.intermediate.manifest
D:\TONYHUANGWORKINGSPACE\PROJECTS\GIT_PROJ\GITHUB\CITYMONITOR\DEBUG\TMP\CITYMONITOR.OBJ
D:\TonyHuangWorkingSpace\Projects\git_proj\github\CityMonitor\Debug\tmp\CityMonitor_manifest.rc
D:\TonyHuangWorkingSpace\Projects\git_proj\github\CityMonitor\Debug\tmp\cl.command.1.tlog
D:\TonyHuangWorkingSpace\Projects\git_proj\github\CityMonitor\Debug\tmp\CL.read.1.tlog
D:\TonyHuangWorkingSpace\Projects\git_proj\github\CityMonitor\Debug\tmp\CL.write.1.tlog
D:\TONYHUANGWORKINGSPACE\PROJECTS\GIT_PROJ\GITHUB\CITYMONITOR\DEBUG\TMP\CODEC.OBJ
D:\TONYHUANGWORKINGSPACE\PROJECTS\GIT_PROJ\GITHUB\CITYMONITOR\DEBUG\TMP\DATETIME.OBJ
D:\TONYHUANGWORKINGSPACE\PROJECTS\GIT_PROJ\GITHUB\CITYMONITOR\DEBUG\TMP\DEBUGGER.OBJ
D:\TONYHUANGWORKINGSPACE\PROJECTS\GIT_PROJ\GITHUB\CITYMONITOR\DEBUG\TMP\HISTORYVIDEO.OBJ
D:\TONYHUANGWORKINGSPACE\PROJECTS\GIT_PROJ\GITHUB\CITYMONITOR\DEBUG\TMP\HISTORYVIDEOMANAGER.OBJ
D:\TONYHUANGWORKINGSPACE\PROJECTS\GIT_PROJ\GITHUB\CITYMONITOR\DEBUG\TMP\HISTORYVIDEOPLAYER.OBJ
D:\TonyHuangWorkingSpace\Projects\git_proj\github\CityMonitor\Debug\tmp\link.11916.read.1.tlog
D:\TonyHuangWorkingSpace\Projects\git_proj\github\CityMonitor\Debug\tmp\link.11916.write.1.tlog
D:\TonyHuangWorkingSpace\Projects\git_proj\github\CityMonitor\Debug\tmp\link.11916-cvtres.read.1.tlog
D:\TonyHuangWorkingSpace\Projects\git_proj\github\CityMonitor\Debug\tmp\link.11916-cvtres.write.1.tlog
D:\TonyHuangWorkingSpace\Projects\git_proj\github\CityMonitor\Debug\tmp\link.command.1.tlog
D:\TonyHuangWorkingSpace\Projects\git_proj\github\CityMonitor\Debug\tmp\link.read.1.tlog
D:\TonyHuangWorkingSpace\Projects\git_proj\github\CityMonitor\Debug\tmp\link.write.1.tlog
D:\TonyHuangWorkingSpace\Projects\git_proj\github\CityMonitor\Debug\tmp\link-cvtres.read.1.tlog
D:\TonyHuangWorkingSpace\Projects\git_proj\github\CityMonitor\Debug\tmp\link-cvtres.write.1.tlog
D:\TONYHUANGWORKINGSPACE\PROJECTS\GIT_PROJ\GITHUB\CITYMONITOR\DEBUG\TMP\MP4PLAYER.OBJ
D:\TonyHuangWorkingSpace\Projects\git_proj\github\CityMonitor\Debug\tmp\mt.command.1.tlog
D:\TonyHuangWorkingSpace\Projects\git_proj\github\CityMonitor\Debug\tmp\mt.read.1.tlog
D:\TonyHuangWorkingSpace\Projects\git_proj\github\CityMonitor\Debug\tmp\mt.write.1.tlog
D:\TONYHUANGWORKINGSPACE\PROJECTS\GIT_PROJ\GITHUB\CITYMONITOR\DEBUG\TMP\OBJBUFFER.OBJ
D:\TonyHuangWorkingSpace\Projects\git_proj\github\CityMonitor\Debug\tmp\rc.command.1.tlog
D:\TonyHuangWorkingSpace\Projects\git_proj\github\CityMonitor\Debug\tmp\rc.read.1.tlog
D:\TonyHuangWorkingSpace\Projects\git_proj\github\CityMonitor\Debug\tmp\rc.write.1.tlog
D:\TONYHUANGWORKINGSPACE\PROJECTS\GIT_PROJ\GITHUB\CITYMONITOR\DEBUG\TMP\RECEIVER.OBJ
D:\TONYHUANGWORKINGSPACE\PROJECTS\GIT_PROJ\GITHUB\CITYMONITOR\DEBUG\TMP\RECORDER.OBJ
D:\TONYHUANGWORKINGSPACE\PROJECTS\GIT_PROJ\GITHUB\CITYMONITOR\DEBUG\TMP\SENDER.OBJ
D:\TONYHUANGWORKINGSPACE\PROJECTS\GIT_PROJ\GITHUB\CITYMONITOR\DEBUG\TMP\TCPCONN.OBJ
D:\TONYHUANGWORKINGSPACE\PROJECTS\GIT_PROJ\GITHUB\CITYMONITOR\DEBUG\TMP\THREAD.OBJ
D:\TONYHUANGWORKINGSPACE\PROJECTS\GIT_PROJ\GITHUB\CITYMONITOR\DEBUG\TMP\THREADMANAGER.OBJ
D:\TonyHuangWorkingSpace\Projects\git_proj\github\CityMonitor\Debug\tmp\vc100.idb
D:\TONYHUANGWORKINGSPACE\PROJECTS\GIT_PROJ\GITHUB\CITYMONITOR\DEBUG\TMP\VC100.PDB
D:\TONYHUANGWORKINGSPACE\PROJECTS\GIT_PROJ\GITHUB\CITYMONITOR\DEBUG\TMP\VIDEOMANAGER.OBJ
D:\TONYHUANGWORKINGSPACE\PROJECTS\GIT_PROJ\GITHUB\CITYMONITOR\DEBUG\TMP\VIDEOPLAYER.OBJ
D:\TONYHUANGWORKINGSPACE\PROJECTS\GIT_PROJ\GITHUB\CITYMONITOR\DEBUG\TMP\VIDEORECORDER.OBJ
